<?xml version="1.0" encoding="UTF-8"?>
<!-- Generated by org.testng.reporters.JUnitXMLReporter -->
<testsuite hostname="joy-PC" ignored="2" name="Default test" tests="1" failures="0" timestamp="21 三月 2018 07:49:29 GMT" time="236.847" errors="0">
  <testcase name="test" time="236.832" classname="com.wuliu.testcase.TestCase"/>
  <testcase name="testTwo" time="0.0" classname="com.wuliu.testcase.TestCase">
    <ignored/>
  </testcase> <!-- testTwo -->
  <testcase name="test" time="0.0" classname="com.wuliu.testcase.TestCase2">
    <ignored/>
  </testcase> <!-- test -->
</testsuite> <!-- Default test -->
