<?xml version="1.0" encoding="UTF-8"?>
<testng-results skipped="0" failed="0" ignored="0" total="1" passed="1">
  <reporter-output>
  </reporter-output>
  <suite name="Default suite" duration-ms="230278" started-at="2018-02-08T02:52:51Z" finished-at="2018-02-08T02:56:42Z">
    <groups>
    </groups>
    <test name="Default test" duration-ms="230278" started-at="2018-02-08T02:52:51Z" finished-at="2018-02-08T02:56:42Z">
      <class name="com.wuliu.testcase.TestCase">
        <test-method status="PASS" signature="test()[pri:0, instance:com.wuliu.testcase.TestCase@5f2050f6]" name="test" duration-ms="230265" started-at="2018-02-08T10:52:51Z" finished-at="2018-02-08T10:56:42Z">
          <reporter-output>
          </reporter-output>
        </test-method> <!-- test -->
      </class> <!-- com.wuliu.testcase.TestCase -->
    </test> <!-- Default test -->
  </suite> <!-- Default suite -->
</testng-results>
