<?xml version="1.0" encoding="UTF-8"?>
<testng-results skipped="0" failed="0" ignored="0" total="1" passed="1">
  <reporter-output>
  </reporter-output>
  <suite name="Default suite" duration-ms="199242" started-at="2018-01-31T11:54:15Z" finished-at="2018-01-31T11:57:34Z">
    <groups>
    </groups>
    <test name="Default test" duration-ms="199242" started-at="2018-01-31T11:54:15Z" finished-at="2018-01-31T11:57:34Z">
      <class name="com.wuliu.testcase.TestCase">
        <test-method status="PASS" signature="beforeMethod()[pri:0, instance:com.wuliu.testcase.TestCase@2ef9b8bc]" name="beforeMethod" is-config="true" duration-ms="1023" started-at="2018-01-31T19:54:15Z" finished-at="2018-01-31T19:54:16Z">
          <reporter-output>
          </reporter-output>
        </test-method> <!-- beforeMethod -->
        <test-method status="PASS" signature="testCase()[pri:0, instance:com.wuliu.testcase.TestCase@2ef9b8bc]" name="testCase" duration-ms="198207" started-at="2018-01-31T19:54:16Z" finished-at="2018-01-31T19:57:34Z">
          <reporter-output>
          </reporter-output>
        </test-method> <!-- testCase -->
        <test-method status="PASS" signature="afterMethod()[pri:0, instance:com.wuliu.testcase.TestCase@2ef9b8bc]" name="afterMethod" is-config="true" duration-ms="1" started-at="2018-01-31T19:57:34Z" finished-at="2018-01-31T19:57:34Z">
          <reporter-output>
          </reporter-output>
        </test-method> <!-- afterMethod -->
      </class> <!-- com.wuliu.testcase.TestCase -->
    </test> <!-- Default test -->
  </suite> <!-- Default suite -->
</testng-results>
