<?xml version="1.0" encoding="UTF-8"?>
<testng-results skipped="0" failed="0" ignored="0" total="1" passed="1">
  <reporter-output>
  </reporter-output>
  <suite name="Default suite" duration-ms="63844" started-at="2018-02-08T03:12:46Z" finished-at="2018-02-08T03:13:50Z">
    <groups>
    </groups>
    <test name="Default test" duration-ms="63844" started-at="2018-02-08T03:12:46Z" finished-at="2018-02-08T03:13:50Z">
      <class name="com.wuliu.testcase.TestCase">
        <test-method status="PASS" signature="test()[pri:0, instance:com.wuliu.testcase.TestCase@3dd4520b]" name="test" duration-ms="63830" started-at="2018-02-08T11:12:46Z" finished-at="2018-02-08T11:13:50Z">
          <reporter-output>
          </reporter-output>
        </test-method> <!-- test -->
      </class> <!-- com.wuliu.testcase.TestCase -->
    </test> <!-- Default test -->
  </suite> <!-- Default suite -->
</testng-results>
