<?xml version="1.0" encoding="UTF-8"?>
<testng-results skipped="0" failed="0" total="1" passed="1">
  <reporter-output>
  </reporter-output>
  <suite name="Default suite" duration-ms="257346" started-at="2018-02-06T02:03:09Z" finished-at="2018-02-06T02:07:26Z">
    <groups>
    </groups>
    <test name="Default test" duration-ms="257346" started-at="2018-02-06T02:03:09Z" finished-at="2018-02-06T02:07:26Z">
      <class name="com.wuliu.testcase.TestCase">
        <test-method status="PASS" signature="beforeMethod()[pri:0, instance:com.wuliu.testcase.TestCase@6d3f6300]" name="beforeMethod" is-config="true" duration-ms="1602" started-at="2018-02-06T10:03:09Z" finished-at="2018-02-06T10:03:11Z">
          <reporter-output>
          </reporter-output>
        </test-method> <!-- beforeMethod -->
        <test-method status="PASS" signature="testCase()[pri:0, instance:com.wuliu.testcase.TestCase@6d3f6300]" name="testCase" duration-ms="255734" started-at="2018-02-06T10:03:11Z" finished-at="2018-02-06T10:07:26Z">
          <reporter-output>
          </reporter-output>
        </test-method> <!-- testCase -->
        <test-method status="PASS" signature="afterMethod()[pri:0, instance:com.wuliu.testcase.TestCase@6d3f6300]" name="afterMethod" is-config="true" duration-ms="0" started-at="2018-02-06T10:07:26Z" finished-at="2018-02-06T10:07:26Z">
          <reporter-output>
          </reporter-output>
        </test-method> <!-- afterMethod -->
      </class> <!-- com.wuliu.testcase.TestCase -->
    </test> <!-- Default test -->
  </suite> <!-- Default suite -->
</testng-results>
